SnapPong_V7/root/app/build/intermediates/manifest_merge_blame_file/debug/manifest-merger-blame-debug-report.txt
1<?xml version="1.0" encoding="utf-8"?>
2<manifest xmlns:android="http://schemas.android.com/apk/res/android"
3    package="edu.calvin.cs262.snappong"
4    android:versionCode="1"
5    android:versionName="1.0" >
6
7    <uses-sdk
8        android:minSdkVersion="19"
8-->src/main/AndroidManifest.xml
9        android:targetSdkVersion="29" />
9-->src/main/AndroidManifest.xml
10
11    <uses-permission android:name="android.permission.INTERNET" />
11-->src/main/AndroidManifest.xml:5:5-67
11-->src/main/AndroidManifest.xml:5:22-64
12
13    <application
13-->src/main/AndroidManifest.xml:7:5-60:19
14        android:allowBackup="true"
14-->src/main/AndroidManifest.xml:8:9-35
15        android:appComponentFactory="androidx.core.app.CoreComponentFactory"
15-->[androidx.core:core:1.1.0] AndroidManifest.xml:24:18-86
16        android:debuggable="true"
17        android:icon="@mipmap/ic_snapponglogo1"
17-->src/main/AndroidManifest.xml:9:9-48
18        android:label="@string/app_name"
18-->src/main/AndroidManifest.xml:10:9-41
19        android:roundIcon="@mipmap/ic_launcher_round"
19-->src/main/AndroidManifest.xml:11:9-54
20        android:supportsRtl="true"
20-->src/main/AndroidManifest.xml:12:9-35
21        android:theme="@style/AppTheme" >
21-->src/main/AndroidManifest.xml:13:9-40
22        <activity
22-->src/main/AndroidManifest.xml:14:9-17:20
23            android:name="edu.calvin.cs262.fdn2.GameRequestScreen"
23-->src/main/AndroidManifest.xml:14:19-52
24            android:label="GameRequest" >
24-->src/main/AndroidManifest.xml:15:13-40
25        </activity>
26
27        <meta-data
27-->src/main/AndroidManifest.xml:19:9-21:68
28            android:name="com.snapchat.kit.sdk.clientId"
28-->src/main/AndroidManifest.xml:20:13-57
29            android:value="1cb5158b-3e4f-45ae-94dd-2b11c74aeb6b" />
29-->src/main/AndroidManifest.xml:21:13-65
30        <meta-data
30-->src/main/AndroidManifest.xml:22:9-24:55
31            android:name="com.snapchat.kit.sdk.redirectUrl"
31-->src/main/AndroidManifest.xml:23:13-60
32            android:value="myapp://snap-kit/oauth2" />
32-->src/main/AndroidManifest.xml:24:13-52
33        <meta-data
33-->src/main/AndroidManifest.xml:25:9-27:61
34            android:name="com.snapchat.kit.sdk.scopes"
34-->src/main/AndroidManifest.xml:26:13-55
35            android:resource="@array/snap_connect_scopes" />
35-->src/main/AndroidManifest.xml:27:13-58
36
37        <activity
37-->src/main/AndroidManifest.xml:29:9-38:20
38            android:name="edu.calvin.cs262.fdn2.MainActivity"
38-->src/main/AndroidManifest.xml:30:13-41
39            android:theme="@style/Theme.AppCompat.NoActionBar" >
39-->src/main/AndroidManifest.xml:31:13-63
40            <intent-filter>
40-->src/main/AndroidManifest.xml:32:13-35:29
41                <action android:name="android.intent.action.MAIN" />
41-->src/main/AndroidManifest.xml:33:17-69
41-->src/main/AndroidManifest.xml:33:25-66
42
43                <category android:name="android.intent.category.LAUNCHER" />
43-->src/main/AndroidManifest.xml:34:17-77
43-->src/main/AndroidManifest.xml:34:27-74
44            </intent-filter>
45        </activity>
46        <activity
46-->src/main/AndroidManifest.xml:39:9-53:20
47            android:name="edu.calvin.cs262.fdn2.LeaderBoardScreen"
47-->src/main/AndroidManifest.xml:40:13-46
48            android:label="LeaderBoard" >
48-->src/main/AndroidManifest.xml:41:13-40
49            <intent-filter>
49-->src/main/AndroidManifest.xml:42:13-52:29
50                <action android:name="android.intent.action.VIEW" />
50-->src/main/AndroidManifest.xml:43:17-69
50-->src/main/AndroidManifest.xml:43:25-66
51
52                <category android:name="android.intent.category.DEFAULT" />
52-->src/main/AndroidManifest.xml:45:17-76
52-->src/main/AndroidManifest.xml:45:27-73
53                <category android:name="android.intent.category.BROWSABLE" />
53-->src/main/AndroidManifest.xml:46:17-78
53-->src/main/AndroidManifest.xml:46:27-75
54
55                <data
55-->src/main/AndroidManifest.xml:48:17-51:46
56                    android:host="snap-kit"
56-->src/main/AndroidManifest.xml:49:21-44
57                    android:path="/oauth2"
57-->src/main/AndroidManifest.xml:50:21-43
58                    android:scheme="myapp" />
58-->src/main/AndroidManifest.xml:51:21-43
59            </intent-filter>
60        </activity>
61        <activity
61-->src/main/AndroidManifest.xml:55:9-58:72
62            android:name="edu.calvin.cs262.fdn2.UserProfileScreen"
62-->src/main/AndroidManifest.xml:56:13-46
63            android:label="User Profile"
63-->src/main/AndroidManifest.xml:57:13-41
64            android:parentActivityName="edu.calvin.cs262.fdn2.LeaderBoardScreen" />
64-->src/main/AndroidManifest.xml:58:13-60
65    </application>
66
67</manifest>